29.01.24 14:19:00:407 DEBUG http.wire - http-outgoing-231532 << "OK"
29.01.24 14:19:00:407 DEBUG http.headers - http-outgoing-231532 << HTTP/1.1 200 OK
29.01.24 14:19:00:407 DEBUG http.headers - http-outgoing-231532 << X-Powered-By: Express
29.01.24 14:19:00:407 DEBUG http.headers - http-outgoing-231532 << Access-Control-Allow-Origin: *
29.01.24 14:19:00:407 DEBUG http.headers - http-outgoing-231532 << Content-Type: text/plain; charset=utf-8
29.01.24 14:19:00:407 DEBUG http.headers - http-outgoing-231532 << Content-Length: 2
29.01.24 14:19:00:407 DEBUG http.headers - http-outgoing-231532 << Date: Mon, 29 Jan 2024 19:19:00 GMT
29.01.24 14:19:00:407 DEBUG http.headers - http-outgoing-231532 << Connection: keep-alive
29.01.24 14:19:00:407 DEBUG http.headers - http-outgoing-231532 << Keep-Alive: timeout=5
29.01.24 14:19:00:407 DEBUG execchain.MainClientExec - Connection can be kept alive for 5000 MILLISECONDS
29.01.24 14:19:00:409 DEBUG protocol.RequestAddCookies - CookieSpec selected: default
29.01.24 14:19:00:409 DEBUG protocol.RequestAuthCache - Auth cache not set in the context
29.01.24 14:19:00:409 DEBUG conn.PoolingHttpClientConnectionManager - Connection request: [route: {}->http://localhost:3007][total kept alive: 0; route allocated: 0 of 2; total allocated: 0 of 20]
29.01.24 14:19:00:409 DEBUG conn.PoolingHttpClientConnectionManager - Connection leased: [id: 231533][route: {}->http://localhost:3007][total kept alive: 0; route allocated: 1 of 2; total allocated: 1 of 20]
29.01.24 14:19:00:409 DEBUG execchain.MainClientExec - Opening connection {}->http://localhost:3007
29.01.24 14:19:00:409 DEBUG conn.DefaultHttpClientConnectionOperator - Connecting to localhost/127.0.0.1:3007
29.01.24 14:19:00:409 DEBUG conn.DefaultHttpClientConnectionOperator - Connection established 127.0.0.1:59254<->127.0.0.1:3007
29.01.24 14:19:00:409 DEBUG execchain.MainClientExec - Executing request POST /acciones/?_l2_=RIOT&bid=_____11.35___80______-----___123_____11.36&l2_bid=11.35&bsz=80___&l2_ask=11.36&asz=123__&por=53.6503182328716 HTTP/1.1
29.01.24 14:19:00:409 DEBUG execchain.MainClientExec - Target auth state: UNCHALLENGED
29.01.24 14:19:00:409 DEBUG execchain.MainClientExec - Proxy auth state: UNCHALLENGED
29.01.24 14:19:00:409 DEBUG http.headers - http-outgoing-231533 >> POST /acciones/?_l2_=RIOT&bid=_____11.35___80______-----___123_____11.36&l2_bid=11.35&bsz=80___&l2_ask=11.36&asz=123__&por=53.6503182328716 HTTP/1.1
29.01.24 14:19:00:409 DEBUG http.headers - http-outgoing-231533 >> Accept: application/json
29.01.24 14:19:00:409 DEBUG http.headers - http-outgoing-231533 >> Content-type: application/json
29.01.24 14:19:00:409 DEBUG http.headers - http-outgoing-231533 >> Content-Length: 0
29.01.24 14:19:00:409 DEBUG http.headers - http-outgoing-231533 >> Host: localhost:3007
29.01.24 14:19:00:409 DEBUG http.headers - http-outgoing-231533 >> Connection: Keep-Alive
29.01.24 14:19:00:409 DEBUG http.headers - http-outgoing-231533 >> User-Agent: Apache-HttpClient/4.5.2 (Java/11.0.21)
29.01.24 14:19:00:409 DEBUG http.headers - http-outgoing-231533 >> Accept-Encoding: gzip,deflate
29.01.24 14:19:00:409 DEBUG http.wire - http-outgoing-231533 >> "POST /acciones/?_l2_=RIOT&bid=_____11.35___80______-----___123_____11.36&l2_bid=11.35&bsz=80___&l2_ask=11.36&asz=123__&por=53.6503182328716 HTTP/1.1[\r][\n]"
29.01.24 14:19:00:409 DEBUG http.wire - http-outgoing-231533 >> "Accept: application/json[\r][\n]"
29.01.24 14:19:00:409 DEBUG http.wire - http-outgoing-231533 >> "Content-type: application/json[\r][\n]"
29.01.24 14:19:00:409 DEBUG http.wire - http-outgoing-231533 >> "Content-Length: 0[\r][\n]"
29.01.24 14:19:00:409 DEBUG http.wire - http-outgoing-231533 >> "Host: localhost:3007[\r][\n]"
29.01.24 14:19:00:409 DEBUG http.wire - http-outgoing-231533 >> "Connection: Keep-Alive[\r][\n]"
29.01.24 14:19:00:409 DEBUG http.wire - http-outgoing-231533 >> "User-Agent: Apache-HttpClient/4.5.2 (Java/11.0.21)[\r][\n]"
29.01.24 14:19:00:409 DEBUG http.wire - http-outgoing-231533 >> "Accept-Encoding: gzip,deflate[\r][\n]"
29.01.24 14:19:00:409 DEBUG http.wire - http-outgoing-231533 >> "[\r][\n]"
29.01.24 14:19:01:394 DEBUG config.LayoutConfigurationManager - In memory custom-quotes-cache was not updated so far. Nothing to store on disk.
29.01.24 14:19:01:396  INFO qdrmi.RequestProcessor - Sending Request to ChatService.updateChatReadTime(2**4***2, {10=1705096839495}) from chat.ChatCentral
